\BOOKMARK [1][-]{Rfn.Action.1}{Action}{}% 1
\BOOKMARK [1][-]{Rfn.AlmEngine.1}{AlmEngine}{}% 2
\BOOKMARK [1][-]{Rfn.AutresPassifs.1}{AutresPassifs}{}% 3
\BOOKMARK [1][-]{Rfn.AutresReserves.1}{AutresReserves}{}% 4
\BOOKMARK [1][-]{Rfn.autres.Rul.passif.Rul.load.1}{autres\137passif\137load}{}% 5
\BOOKMARK [1][-]{Rfn.autres.Rul.reserves.Rul.load.1}{autres\137reserves\137load}{}% 6
\BOOKMARK [1][-]{Rfn.base.Rul.prod.Rul.fin.1}{base\137prod\137fin}{}% 7
\BOOKMARK [1][-]{Rfn.Be.1}{Be}{}% 8
\BOOKMARK [1][-]{Rfn.buy.Rul.action.1}{buy\137action}{}% 9
\BOOKMARK [1][-]{Rfn.buy.Rul.immo.1}{buy\137immo}{}% 10
\BOOKMARK [1][-]{Rfn.buy.Rul.oblig.1}{buy\137oblig}{}% 11
\BOOKMARK [1][-]{Rfn.calc.Rul.coupon.1}{calc\137coupon}{}% 12
\BOOKMARK [1][-]{Rfn.calc.Rul.dotation.Rul.ppb.1}{calc\137dotation\137ppb}{}% 13
\BOOKMARK [1][-]{Rfn.calc.Rul.fin.Rul.proj.1}{calc\137fin\137proj}{}% 14
\BOOKMARK [1][-]{Rfn.calc.Rul.flux.Rul.annee.1}{calc\137flux\137annee}{}% 15
\BOOKMARK [1][-]{Rfn.calc.Rul.frais.1}{calc\137frais}{}% 16
\BOOKMARK [1][-]{Rfn.calc.Rul.frais.Rul.fin.1}{calc\137frais\137fin}{}% 17
\BOOKMARK [1][-]{Rfn.calc.Rul.marge.Rul.fin.1}{calc\137marge\137fin}{}% 18
\BOOKMARK [1][-]{Rfn.calc.Rul.nominal.1}{calc\137nominal}{}% 19
\BOOKMARK [1][-]{Rfn.calc.Rul.pm.1}{calc\137pm}{}% 20
\BOOKMARK [1][-]{Rfn.calc.Rul.pmvl.1}{calc\137pmvl}{}% 21
\BOOKMARK [1][-]{Rfn.calc.Rul.pmvl.Rul.action.1}{calc\137pmvl\137action}{}% 22
\BOOKMARK [1][-]{Rfn.calc.Rul.pmvl.Rul.immo.1}{calc\137pmvl\137immo}{}% 23
\BOOKMARK [1][-]{Rfn.calc.Rul.pmvl.Rul.oblig.1}{calc\137pmvl\137oblig}{}% 24
\BOOKMARK [1][-]{Rfn.calc.Rul.PRE.1}{calc\137PRE}{}% 25
\BOOKMARK [1][-]{Rfn.calc.Rul.prest.1}{calc\137prest}{}% 26
\BOOKMARK [1][-]{Rfn.calc.Rul.primes.1}{calc\137primes}{}% 27
\BOOKMARK [1][-]{Rfn.calc.Rul.qx.1}{calc\137qx}{}% 28
\BOOKMARK [1][-]{Rfn.calc.Rul.rach.1}{calc\137rach}{}% 29
\BOOKMARK [1][-]{Rfn.calc.Rul.rach.Rul.dyn.1}{calc\137rach\137dyn}{}% 30
\BOOKMARK [1][-]{Rfn.calc.Rul.RC.1}{calc\137RC}{}% 31
\BOOKMARK [1][-]{Rfn.calc.Rul.rdt.1}{calc\137rdt}{}% 32
\BOOKMARK [1][-]{Rfn.calc.Rul.rdt.Rul.marche.Rul.ref.1}{calc\137rdt\137marche\137ref}{}% 33
\BOOKMARK [1][-]{Rfn.calc.Rul.reprise.Rul.ppb.1}{calc\137reprise\137ppb}{}% 34
\BOOKMARK [1][-]{Rfn.calc.Rul.result.Rul.technique.1}{calc\137result\137technique}{}% 35
\BOOKMARK [1][-]{Rfn.calc.Rul.result.Rul.technique.Rul.ap.Rul.pb.1}{calc\137result\137technique\137ap\137pb}{}% 36
\BOOKMARK [1][-]{Rfn.calc.Rul.revalo.1}{calc\137revalo}{}% 37
\BOOKMARK [1][-]{Rfn.calc.Rul.revalo.Rul.pm.1}{calc\137revalo\137pm}{}% 38
\BOOKMARK [1][-]{Rfn.calc.Rul.sur.Rul.dec.1}{calc\137sur\137dec}{}% 39
\BOOKMARK [1][-]{Rfn.calc.Rul.tra.1}{calc\137tra}{}% 40
\BOOKMARK [1][-]{Rfn.calc.Rul.tx.Rul.cible.1}{calc\137tx\137cible}{}% 41
\BOOKMARK [1][-]{Rfn.calc.Rul.tx.Rul.cible.Rul.ref.Rul.marche.1}{calc\137tx\137cible\137ref\137marche}{}% 42
\BOOKMARK [1][-]{Rfn.calc.Rul.tx.Rul.min.1}{calc\137tx\137min}{}% 43
\BOOKMARK [1][-]{Rfn.calc.Rul.tx.Rul.sortie.1}{calc\137tx\137sortie}{}% 44
\BOOKMARK [1][-]{Rfn.calc.Rul.vm.Rul.action.1}{calc\137vm\137action}{}% 45
\BOOKMARK [1][-]{Rfn.calc.Rul.vm.Rul.immo.1}{calc\137vm\137immo}{}% 46
\BOOKMARK [1][-]{Rfn.calc.Rul.vm.Rul.oblig.1}{calc\137vm\137oblig}{}% 47
\BOOKMARK [1][-]{Rfn.calc.Rul.vm.Rul.treso.1}{calc\137vm\137treso}{}% 48
\BOOKMARK [1][-]{Rfn.calc.Rul.vnc.1}{calc\137vnc}{}% 49
\BOOKMARK [1][-]{Rfn.calc.Rul.z.Rul.spread.1}{calc\137z\137spread}{}% 50
\BOOKMARK [1][-]{Rfn.Canton.1}{Canton}{}% 51
\BOOKMARK [1][-]{Rfn.chargement.Rul.choc.1}{chargement\137choc}{}% 52
\BOOKMARK [1][-]{Rfn.chargement.Rul.ESG.1}{chargement\137ESG}{}% 53
\BOOKMARK [1][-]{Rfn.chargement.Rul.PortFin.1}{chargement\137PortFin}{}% 54
\BOOKMARK [1][-]{Rfn.chargement.Rul.PortFin.Rul.reference.1}{chargement\137PortFin\137reference}{}% 55
\BOOKMARK [1][-]{Rfn.ChocSolvabilite2.1}{ChocSolvabilite2}{}% 56
\BOOKMARK [1][-]{Rfn.create.Rul.ptf.Rul.bought.Rul.action.1}{create\137ptf\137bought\137action}{}% 57
\BOOKMARK [1][-]{Rfn.create.Rul.ptf.Rul.bought.Rul.immo.1}{create\137ptf\137bought\137immo}{}% 58
\BOOKMARK [1][-]{Rfn.create.Rul.ptf.Rul.bought.Rul.oblig.1}{create\137ptf\137bought\137oblig}{}% 59
\BOOKMARK [1][-]{Rfn.do.Rul.calc.Rul.nb.Rul.sold.Rul.action.1}{do\137calc\137nb\137sold\137action}{}% 60
\BOOKMARK [1][-]{Rfn.do.Rul.calc.Rul.nb.Rul.sold.Rul.immo.1}{do\137calc\137nb\137sold\137immo}{}% 61
\BOOKMARK [1][-]{Rfn.do.Rul.calc.Rul.nb.Rul.sold.Rul.oblig.1}{do\137calc\137nb\137sold\137oblig}{}% 62
\BOOKMARK [1][-]{Rfn.do.Rul.choc.Rul.action.Rul.type1.1}{do\137choc\137action\137type1}{}% 63
\BOOKMARK [1][-]{Rfn.do.Rul.choc.Rul.action.Rul.type2.1}{do\137choc\137action\137type2}{}% 64
\BOOKMARK [1][-]{Rfn.do.Rul.choc.Rul.frais.1}{do\137choc\137frais}{}% 65
\BOOKMARK [1][-]{Rfn.do.Rul.choc.Rul.immo.1}{do\137choc\137immo}{}% 66
\BOOKMARK [1][-]{Rfn.do.Rul.choc.Rul.longevite.1}{do\137choc\137longevite}{}% 67
\BOOKMARK [1][-]{Rfn.do.Rul.choc.Rul.mortalite.1}{do\137choc\137mortalite}{}% 68
\BOOKMARK [1][-]{Rfn.do.Rul.choc.Rul.rachat.Rul.down.1}{do\137choc\137rachat\137down}{}% 69
\BOOKMARK [1][-]{Rfn.do.Rul.choc.Rul.rachat.Rul.up.1}{do\137choc\137rachat\137up}{}% 70
\BOOKMARK [1][-]{Rfn.do.Rul.choc.Rul.spread.1}{do\137choc\137spread}{}% 71
\BOOKMARK [1][-]{Rfn.do.Rul.choc.Rul.spread.Rul.unitaire.1}{do\137choc\137spread\137unitaire}{}% 72
\BOOKMARK [1][-]{Rfn.do.Rul.choc.Rul.taux.1}{do\137choc\137taux}{}% 73
\BOOKMARK [1][-]{Rfn.do.Rul.update.Rul.pmvl.1}{do\137update\137pmvl}{}% 74
\BOOKMARK [1][-]{Rfn.do.Rul.update.Rul.PRE.Rul.val.Rul.courante.1}{do\137update\137PRE\137val\137courante}{}% 75
\BOOKMARK [1][-]{Rfn.do.Rul.update.Rul.PRE.Rul.val.Rul.debut.1}{do\137update\137PRE\137val\137debut}{}% 76
\BOOKMARK [1][-]{Rfn.do.Rul.update.Rul.RC.Rul.val.Rul.courante.1}{do\137update\137RC\137val\137courante}{}% 77
\BOOKMARK [1][-]{Rfn.do.Rul.update.Rul.RC.Rul.val.Rul.debut.1}{do\137update\137RC\137val\137debut}{}% 78
\BOOKMARK [1][-]{Rfn.do.Rul.update.Rul.vm.Rul.vnc.Rul.precedent.1}{do\137update\137vm\137vnc\137precedent}{}% 79
\BOOKMARK [1][-]{Rfn.duration.Rul.sensi.1}{duration\137sensi}{}% 80
\BOOKMARK [1][-]{Rfn.echeancier.1}{echeancier}{}% 81
\BOOKMARK [1][-]{Rfn.EpEuroInd.1}{EpEuroInd}{}% 82
\BOOKMARK [1][-]{Rfn.ESG.1}{ESG}{}% 83
\BOOKMARK [1][-]{Rfn.extract.Rul.ESG.1}{extract\137ESG}{}% 84
\BOOKMARK [1][-]{Rfn.finance.Rul.cible.Rul.marge.1}{finance\137cible\137marge}{}% 85
\BOOKMARK [1][-]{Rfn.finance.Rul.cible.Rul.pmvl.1}{finance\137cible\137pmvl}{}% 86
\BOOKMARK [1][-]{Rfn.finance.Rul.cible.Rul.ppb.1}{finance\137cible\137ppb}{}% 87
\BOOKMARK [1][-]{Rfn.finance.Rul.contrainte.Rul.legale.1}{finance\137contrainte\137legale}{}% 88
\BOOKMARK [1][-]{Rfn.finance.Rul.tmg.1}{finance\137tmg}{}% 89
\BOOKMARK [1][-]{Rfn.FraisFin.1}{FraisFin}{}% 90
\BOOKMARK [1][-]{Rfn.FraisPassif.1}{FraisPassif}{}% 91
\BOOKMARK [1][-]{Rfn.frais.Rul.fin.Rul.load.1}{frais\137fin\137load}{}% 92
\BOOKMARK [1][-]{Rfn.frais.Rul.passif.Rul.load.1}{frais\137passif\137load}{}% 93
\BOOKMARK [1][-]{Rfn.get.Rul.choc.Rul.inflation.Rul.frais.1}{get\137choc\137inflation\137frais}{}% 94
\BOOKMARK [1][-]{Rfn.get.Rul.choc.Rul.rach.1}{get\137choc\137rach}{}% 95
\BOOKMARK [1][-]{Rfn.get.Rul.choc.Rul.table.1}{get\137choc\137table}{}% 96
\BOOKMARK [1][-]{Rfn.get.Rul.comport.1}{get\137comport}{}% 97
\BOOKMARK [1][-]{Rfn.get.Rul.qx.Rul.mort.1}{get\137qx\137mort}{}% 98
\BOOKMARK [1][-]{Rfn.get.Rul.qx.Rul.rach.1}{get\137qx\137rach}{}% 99
\BOOKMARK [1][-]{Rfn.get.Rul.rach.Rul.dyn.1}{get\137rach\137dyn}{}% 100
\BOOKMARK [1][-]{Rfn.HypCanton.1}{HypCanton}{}% 101
\BOOKMARK [1][-]{Rfn.HypTech.1}{HypTech}{}% 102
\BOOKMARK [1][-]{Rfn.hyp.Rul.canton.Rul.load.1}{hyp\137canton\137load}{}% 103
\BOOKMARK [1][-]{Rfn.Immo.1}{Immo}{}% 104
\BOOKMARK [1][-]{Rfn.Initialisation.1}{Initialisation}{}% 105
\BOOKMARK [1][-]{Rfn.initialisation.Rul.load.1}{initialisation\137load}{}% 106
\BOOKMARK [1][-]{Rfn.init.Rul.create.Rul.folder.1}{init\137create\137folder}{}% 107
\BOOKMARK [1][-]{Rfn.init.Rul.debut.Rul.pgg.Rul.psap.1}{init\137debut\137pgg\137psap}{}% 108
\BOOKMARK [1][-]{Rfn.init.Rul.debut.Rul.ppb.1}{init\137debut\137ppb}{}% 109
\BOOKMARK [1][-]{Rfn.init.Rul.scenario.1}{init\137scenario}{}% 110
\BOOKMARK [1][-]{Rfn.init.Rul.SimBEL.1}{init\137SimBEL}{}% 111
\BOOKMARK [1][-]{Rfn.load.Rul.ht.1}{load\137ht}{}% 112
\BOOKMARK [1][-]{Rfn.load.Rul.pp.1}{load\137pp}{}% 113
\BOOKMARK [1][-]{Rfn.ModelPointESG.1}{ModelPointESG}{}% 114
\BOOKMARK [1][-]{Rfn.Oblig.1}{Oblig}{}% 115
\BOOKMARK [1][-]{Rfn.ParamAlmEngine.1}{ParamAlmEngine}{}% 116
\BOOKMARK [1][-]{Rfn.ParamBe.1}{ParamBe}{}% 117
\BOOKMARK [1][-]{Rfn.ParamChocMket.1}{ParamChocMket}{}% 118
\BOOKMARK [1][-]{Rfn.ParamChocSousc.1}{ParamChocSousc}{}% 119
\BOOKMARK [1][-]{Rfn.ParamComport.1}{ParamComport}{}% 120
\BOOKMARK [1][-]{Rfn.ParamRachDyn.1}{ParamRachDyn}{}% 121
\BOOKMARK [1][-]{Rfn.ParamRevaloEngine.1}{ParamRevaloEngine}{}% 122
\BOOKMARK [1][-]{Rfn.ParamTableMort.1}{ParamTableMort}{}% 123
\BOOKMARK [1][-]{Rfn.param.Rul.alm.Rul.engine.Rul.load.1}{param\137alm\137engine\137load}{}% 124
\BOOKMARK [1][-]{Rfn.param.Rul.revalo.Rul.load.1}{param\137revalo\137load}{}% 125
\BOOKMARK [1][-]{Rfn.pb.Rul.contr.1}{pb\137contr}{}% 126
\BOOKMARK [1][-]{Rfn.PortFin.1}{PortFin}{}% 127
\BOOKMARK [1][-]{Rfn.PortPassif.1}{PortPassif}{}% 128
\BOOKMARK [1][-]{Rfn.Ppb.1}{Ppb}{}% 129
\BOOKMARK [1][-]{Rfn.ppb.Rul.load.1}{ppb\137load}{}% 130
\BOOKMARK [1][-]{Rfn.PRE.1}{PRE}{}% 131
\BOOKMARK [1][-]{Rfn.pre.Rul.load.1}{pre\137load}{}% 132
\BOOKMARK [1][-]{Rfn.print.Rul.alloc.1}{print\137alloc}{}% 133
\BOOKMARK [1][-]{Rfn.proj.Rul.an.1}{proj\137an}{}% 134
\BOOKMARK [1][-]{Rfn.proj.Rul.annee.Rul.autres.Rul.passifs.1}{proj\137annee\137autres\137passifs}{}% 135
\BOOKMARK [1][-]{Rfn.proj.Rul.annee.Rul.av.Rul.pb.1}{proj\137annee\137av\137pb}{}% 136
\BOOKMARK [1][-]{Rfn.RC.1}{RC}{}% 137
\BOOKMARK [1][-]{Rfn.rc.Rul.load.1}{rc\137load}{}% 138
\BOOKMARK [1][-]{Rfn.reallocate.1}{reallocate}{}% 139
\BOOKMARK [1][-]{Rfn.resultat.Rul.fin.1}{resultat\137fin}{}% 140
\BOOKMARK [1][-]{Rfn.RevaloEngine.1}{RevaloEngine}{}% 141
\BOOKMARK [1][-]{Rfn.revalo.Rul.action.1}{revalo\137action}{}% 142
\BOOKMARK [1][-]{Rfn.revalo.Rul.immo.1}{revalo\137immo}{}% 143
\BOOKMARK [1][-]{Rfn.revalo.Rul.treso.1}{revalo\137treso}{}% 144
\BOOKMARK [1][-]{Rfn.revenu.Rul.treso.1}{revenu\137treso}{}% 145
\BOOKMARK [1][-]{Rfn.run.Rul.be.1}{run\137be}{}% 146
\BOOKMARK [1][-]{Rfn.run.Rul.be.Rul.simu.1}{run\137be\137simu}{}% 147
\BOOKMARK [1][-]{Rfn.sell.Rul.action.1}{sell\137action}{}% 148
\BOOKMARK [1][-]{Rfn.sell.Rul.immo.1}{sell\137immo}{}% 149
\BOOKMARK [1][-]{Rfn.sell.Rul.oblig.1}{sell\137oblig}{}% 150
\BOOKMARK [1][-]{Rfn.sell.Rul.pvl.Rul.action.1}{sell\137pvl\137action}{}% 151
\BOOKMARK [1][-]{Rfn.set.Rul.architecture.1}{set\137architecture}{}% 152
\BOOKMARK [1][-]{Rfn.SimBEL.1}{SimBEL}{}% 153
\BOOKMARK [1][-]{Rfn.TabEpEuroInd.1}{TabEpEuroInd}{}% 154
\BOOKMARK [1][-]{Rfn.TauxPB.1}{TauxPB}{}% 155
\BOOKMARK [1][-]{Rfn.Treso.1}{Treso}{}% 156
\BOOKMARK [1][-]{Rfn.update.Rul.cc.Rul.oblig.1}{update\137cc\137oblig}{}% 157
\BOOKMARK [1][-]{Rfn.update.Rul.dur.Rul.det.Rul.action.1}{update\137dur\137det\137action}{}% 158
\BOOKMARK [1][-]{Rfn.update.Rul.dur.Rul.det.Rul.immo.1}{update\137dur\137det\137immo}{}% 159
\BOOKMARK [1][-]{Rfn.update.Rul.dur.Rul.oblig.1}{update\137dur\137oblig}{}% 160
\BOOKMARK [1][-]{Rfn.update.Rul.mat.Rul.res.1}{update\137mat\137res}{}% 161
\BOOKMARK [1][-]{Rfn.update.Rul.PortFin.1}{update\137PortFin}{}% 162
\BOOKMARK [1][-]{Rfn.update.Rul.PortFin.Rul.reference.1}{update\137PortFin\137reference}{}% 163
\BOOKMARK [1][-]{Rfn.update.Rul.reserves.1}{update\137reserves}{}% 164
\BOOKMARK [1][-]{Rfn.update.Rul.sd.Rul.oblig.1}{update\137sd\137oblig}{}% 165
\BOOKMARK [1][-]{Rfn.update.Rul.treso.1}{update\137treso}{}% 166
\BOOKMARK [1][-]{Rfn.update.Rul.vm.Rul.action.1}{update\137vm\137action}{}% 167
\BOOKMARK [1][-]{Rfn.update.Rul.vm.Rul.immo.1}{update\137vm\137immo}{}% 168
\BOOKMARK [1][-]{Rfn.update.Rul.vm.Rul.oblig.1}{update\137vm\137oblig}{}% 169
\BOOKMARK [1][-]{Rfn.update.Rul.vnc.Rul.oblig.1}{update\137vnc\137oblig}{}% 170
\BOOKMARK [1][-]{Rfn.update.Rul.zsp.Rul.oblig.1}{update\137zsp\137oblig}{}% 171
\BOOKMARK [1][-]{Rfn.vieillissement.Rul.action.Rul.PortFin.1}{vieillissement\137action\137PortFin}{}% 172
\BOOKMARK [1][-]{Rfn.vieillissement.Rul.av.Rul.pb.1}{vieillissement\137av\137pb}{}% 173
\BOOKMARK [1][-]{Rfn.vieillissement.Rul.immo.Rul.PortFin.1}{vieillissement\137immo\137PortFin}{}% 174
\BOOKMARK [1][-]{Rfn.vieillissement.Rul.oblig.Rul.PortFin.1}{vieillissement\137oblig\137PortFin}{}% 175
\BOOKMARK [1][-]{Rfn.vieillissement.Rul.treso.Rul.PortFin.1}{vieillissement\137treso\137PortFin}{}% 176
\BOOKMARK [1][-]{Rfn.vieillissment.Rul.ap.Rul.pb.1}{vieillissment\137ap\137pb}{}% 177
\BOOKMARK [1][-]{Rfn.vieilli.Rul.mp.1}{vieilli\137mp}{}% 178
\BOOKMARK [1][-]{Rfn.write.Rul.be.Rul.results.1}{write\137be\137results}{}% 179
\BOOKMARK [1][-]{Rfn.yield.Rul.to.Rul.maturity.1}{yield\137to\137maturity}{}% 180
